The system is: Linux - 3.10.0-514.el7.x86_64 - x86_64
Compiling the C compiler identification source file "CMakeCCompilerId.c" succeeded.
Compiler: /usr/bin/cc 
Build flags: 
Id flags: 

The output was:
0


Compilation of the C compiler identification source "CMakeCCompilerId.c" produced "a.out"

The C compiler identification is GNU, found in "/home/bepartofyou/work/av/ffmpeg/mlt/melt/20171222/bin/glfw/build/CMakeFiles/2.8.12.2/CompilerIdC/a.out"

Determining if the C compiler works passed with the following output:
Change Dir: /home/bepartofyou/work/av/ffmpeg/mlt/melt/20171222/bin/glfw/build/CMakeFiles/CMakeTmp

Run Build Command:/usr/bin/gmake "cmTryCompileExec2947019659/fast"
/usr/bin/gmake -f CMakeFiles/cmTryCompileExec2947019659.dir/build.make CMakeFiles/cmTryCompileExec2947019659.dir/build
gmake[1]: Entering directory `/home/bepartofyou/work/av/ffmpeg/mlt/melt/20171222/bin/glfw/build/CMakeFiles/CMakeTmp'
/usr/bin/cmake -E cmake_progress_report /home/bepartofyou/work/av/ffmpeg/mlt/melt/20171222/bin/glfw/build/CMakeFiles/CMakeTmp/CMakeFiles 1
Building C object CMakeFiles/cmTryCompileExec2947019659.dir/testCCompiler.c.o
/usr/bin/cc    -o CMakeFiles/cmTryCompileExec2947019659.dir/testCCompiler.c.o   -c /home/bepartofyou/work/av/ffmpeg/mlt/melt/20171222/bin/glfw/build/CMakeFiles/CMakeTmp/testCCompiler.c
Linking C executable cmTryCompileExec2947019659
/usr/bin/cmake -E cmake_link_script CMakeFiles/cmTryCompileExec2947019659.dir/link.txt --verbose=1
/usr/bin/cc       CMakeFiles/cmTryCompileExec2947019659.dir/testCCompiler.c.o  -o cmTryCompileExec2947019659 -rdynamic 
gmake[1]: Leaving directory `/home/bepartofyou/work/av/ffmpeg/mlt/melt/20171222/bin/glfw/build/CMakeFiles/CMakeTmp'


Detecting C compiler ABI info compiled with the following output:
Change Dir: /home/bepartofyou/work/av/ffmpeg/mlt/melt/20171222/bin/glfw/build/CMakeFiles/CMakeTmp

Run Build Command:/usr/bin/gmake "cmTryCompileExec3270576873/fast"
/usr/bin/gmake -f CMakeFiles/cmTryCompileExec3270576873.dir/build.make CMakeFiles/cmTryCompileExec3270576873.dir/build
gmake[1]: Entering directory `/home/bepartofyou/work/av/ffmpeg/mlt/melt/20171222/bin/glfw/build/CMakeFiles/CMakeTmp'
/usr/bin/cmake -E cmake_progress_report /home/bepartofyou/work/av/ffmpeg/mlt/melt/20171222/bin/glfw/build/CMakeFiles/CMakeTmp/CMakeFiles 1
Building C object CMakeFiles/cmTryCompileExec3270576873.dir/CMakeCCompilerABI.c.o
/usr/bin/cc    -o CMakeFiles/cmTryCompileExec3270576873.dir/CMakeCCompilerABI.c.o   -c /usr/share/cmake/Modules/CMakeCCompilerABI.c
Linking C executable cmTryCompileExec3270576873
/usr/bin/cmake -E cmake_link_script CMakeFiles/cmTryCompileExec3270576873.dir/link.txt --verbose=1
/usr/bin/cc     -v CMakeFiles/cmTryCompileExec3270576873.dir/CMakeCCompilerABI.c.o  -o cmTryCompileExec3270576873 -rdynamic  
Using built-in specs.
COLLECT_GCC=/usr/bin/cc
COLLECT_LTO_WRAPPER=/usr/libexec/gcc/x86_64-redhat-linux/4.8.5/lto-wrapper
Target: x86_64-redhat-linux
Configured with: ../configure --prefix=/usr --mandir=/usr/share/man --infodir=/usr/share/info --with-bugurl=http://bugzilla.redhat.com/bugzilla --enable-bootstrap --enable-shared --enable-threads=posix --enable-checking=release --with-system-zlib --enable-__cxa_atexit --disable-libunwind-exceptions --enable-gnu-unique-object --enable-linker-build-id --with-linker-hash-style=gnu --enable-languages=c,c++,objc,obj-c++,java,fortran,ada,go,lto --enable-plugin --enable-initfini-array --disable-libgcj --with-isl=/builddir/build/BUILD/gcc-4.8.5-20150702/obj-x86_64-redhat-linux/isl-install --with-cloog=/builddir/build/BUILD/gcc-4.8.5-20150702/obj-x86_64-redhat-linux/cloog-install --enable-gnu-indirect-function --with-tune=generic --with-arch_32=x86-64 --build=x86_64-redhat-linux
Thread model: posix
gcc version 4.8.5 20150623 (Red Hat 4.8.5-16) (GCC) 
COMPILER_PATH=/usr/libexec/gcc/x86_64-redhat-linux/4.8.5/:/usr/libexec/gcc/x86_64-redhat-linux/4.8.5/:/usr/libexec/gcc/x86_64-redhat-linux/:/usr/lib/gcc/x86_64-redhat-linux/4.8.5/:/usr/lib/gcc/x86_64-redhat-linux/
LIBRARY_PATH=/usr/lib/gcc/x86_64-redhat-linux/4.8.5/:/usr/lib/gcc/x86_64-redhat-linux/4.8.5/../../../../lib64/:/lib/../lib64/:/usr/lib/../lib64/:/usr/lib/gcc/x86_64-redhat-linux/4.8.5/../../../:/lib/:/usr/lib/
COLLECT_GCC_OPTIONS='-v' '-o' 'cmTryCompileExec3270576873' '-rdynamic' '-mtune=generic' '-march=x86-64'
 /usr/libexec/gcc/x86_64-redhat-linux/4.8.5/collect2 --build-id --no-add-needed --eh-frame-hdr --hash-style=gnu -m elf_x86_64 -export-dynamic -dynamic-linker /lib64/ld-linux-x86-64.so.2 -o cmTryCompileExec3270576873 /usr/lib/gcc/x86_64-redhat-linux/4.8.5/../../../../lib64/crt1.o /usr/lib/gcc/x86_64-redhat-linux/4.8.5/../../../../lib64/crti.o /usr/lib/gcc/x86_64-redhat-linux/4.8.5/crtbegin.o -L/usr/lib/gcc/x86_64-redhat-linux/4.8.5 -L/usr/lib/gcc/x86_64-redhat-linux/4.8.5/../../../../lib64 -L/lib/../lib64 -L/usr/lib/../lib64 -L/usr/lib/gcc/x86_64-redhat-linux/4.8.5/../../.. CMakeFiles/cmTryCompileExec3270576873.dir/CMakeCCompilerABI.c.o -lgcc --as-needed -lgcc_s --no-as-needed -lc -lgcc --as-needed -lgcc_s --no-as-needed /usr/lib/gcc/x86_64-redhat-linux/4.8.5/crtend.o /usr/lib/gcc/x86_64-redhat-linux/4.8.5/../../../../lib64/crtn.o
gmake[1]: Leaving directory `/home/bepartofyou/work/av/ffmpeg/mlt/melt/20171222/bin/glfw/build/CMakeFiles/CMakeTmp'


Parsed C implicit link information from above output:
  link line regex: [^( *|.*[/\])(ld|([^/\]+-)?ld|collect2)[^/\]*( |$)]
  ignore line: [Change Dir: /home/bepartofyou/work/av/ffmpeg/mlt/melt/20171222/bin/glfw/build/CMakeFiles/CMakeTmp]
  ignore line: []
  ignore line: [Run Build Command:/usr/bin/gmake "cmTryCompileExec3270576873/fast"]
  ignore line: [/usr/bin/gmake -f CMakeFiles/cmTryCompileExec3270576873.dir/build.make CMakeFiles/cmTryCompileExec3270576873.dir/build]
  ignore line: [gmake[1]: Entering directory `/home/bepartofyou/work/av/ffmpeg/mlt/melt/20171222/bin/glfw/build/CMakeFiles/CMakeTmp']
  ignore line: [/usr/bin/cmake -E cmake_progress_report /home/bepartofyou/work/av/ffmpeg/mlt/melt/20171222/bin/glfw/build/CMakeFiles/CMakeTmp/CMakeFiles 1]
  ignore line: [Building C object CMakeFiles/cmTryCompileExec3270576873.dir/CMakeCCompilerABI.c.o]
  ignore line: [/usr/bin/cc    -o CMakeFiles/cmTryCompileExec3270576873.dir/CMakeCCompilerABI.c.o   -c /usr/share/cmake/Modules/CMakeCCompilerABI.c]
  ignore line: [Linking C executable cmTryCompileExec3270576873]
  ignore line: [/usr/bin/cmake -E cmake_link_script CMakeFiles/cmTryCompileExec3270576873.dir/link.txt --verbose=1]
  ignore line: [/usr/bin/cc     -v CMakeFiles/cmTryCompileExec3270576873.dir/CMakeCCompilerABI.c.o  -o cmTryCompileExec3270576873 -rdynamic  ]
  ignore line: [Using built-in specs.]
  ignore line: [COLLECT_GCC=/usr/bin/cc]
  ignore line: [COLLECT_LTO_WRAPPER=/usr/libexec/gcc/x86_64-redhat-linux/4.8.5/lto-wrapper]
  ignore line: [Target: x86_64-redhat-linux]
  ignore line: [Configured with: ../configure --prefix=/usr --mandir=/usr/share/man --infodir=/usr/share/info --with-bugurl=http://bugzilla.redhat.com/bugzilla --enable-bootstrap --enable-shared --enable-threads=posix --enable-checking=release --with-system-zlib --enable-__cxa_atexit --disable-libunwind-exceptions --enable-gnu-unique-object --enable-linker-build-id --with-linker-hash-style=gnu --enable-languages=c,c++,objc,obj-c++,java,fortran,ada,go,lto --enable-plugin --enable-initfini-array --disable-libgcj --with-isl=/builddir/build/BUILD/gcc-4.8.5-20150702/obj-x86_64-redhat-linux/isl-install --with-cloog=/builddir/build/BUILD/gcc-4.8.5-20150702/obj-x86_64-redhat-linux/cloog-install --enable-gnu-indirect-function --with-tune=generic --with-arch_32=x86-64 --build=x86_64-redhat-linux]
  ignore line: [Thread model: posix]
  ignore line: [gcc version 4.8.5 20150623 (Red Hat 4.8.5-16) (GCC) ]
  ignore line: [COMPILER_PATH=/usr/libexec/gcc/x86_64-redhat-linux/4.8.5/:/usr/libexec/gcc/x86_64-redhat-linux/4.8.5/:/usr/libexec/gcc/x86_64-redhat-linux/:/usr/lib/gcc/x86_64-redhat-linux/4.8.5/:/usr/lib/gcc/x86_64-redhat-linux/]
  ignore line: [LIBRARY_PATH=/usr/lib/gcc/x86_64-redhat-linux/4.8.5/:/usr/lib/gcc/x86_64-redhat-linux/4.8.5/../../../../lib64/:/lib/../lib64/:/usr/lib/../lib64/:/usr/lib/gcc/x86_64-redhat-linux/4.8.5/../../../:/lib/:/usr/lib/]
  ignore line: [COLLECT_GCC_OPTIONS='-v' '-o' 'cmTryCompileExec3270576873' '-rdynamic' '-mtune=generic' '-march=x86-64']
  link line: [ /usr/libexec/gcc/x86_64-redhat-linux/4.8.5/collect2 --build-id --no-add-needed --eh-frame-hdr --hash-style=gnu -m elf_x86_64 -export-dynamic -dynamic-linker /lib64/ld-linux-x86-64.so.2 -o cmTryCompileExec3270576873 /usr/lib/gcc/x86_64-redhat-linux/4.8.5/../../../../lib64/crt1.o /usr/lib/gcc/x86_64-redhat-linux/4.8.5/../../../../lib64/crti.o /usr/lib/gcc/x86_64-redhat-linux/4.8.5/crtbegin.o -L/usr/lib/gcc/x86_64-redhat-linux/4.8.5 -L/usr/lib/gcc/x86_64-redhat-linux/4.8.5/../../../../lib64 -L/lib/../lib64 -L/usr/lib/../lib64 -L/usr/lib/gcc/x86_64-redhat-linux/4.8.5/../../.. CMakeFiles/cmTryCompileExec3270576873.dir/CMakeCCompilerABI.c.o -lgcc --as-needed -lgcc_s --no-as-needed -lc -lgcc --as-needed -lgcc_s --no-as-needed /usr/lib/gcc/x86_64-redhat-linux/4.8.5/crtend.o /usr/lib/gcc/x86_64-redhat-linux/4.8.5/../../../../lib64/crtn.o]
    arg [/usr/libexec/gcc/x86_64-redhat-linux/4.8.5/collect2] ==> ignore
    arg [--build-id] ==> ignore
    arg [--no-add-needed] ==> ignore
    arg [--eh-frame-hdr] ==> ignore
    arg [--hash-style=gnu] ==> ignore
    arg [-m] ==> ignore
    arg [elf_x86_64] ==> ignore
    arg [-export-dynamic] ==> ignore
    arg [-dynamic-linker] ==> ignore
    arg [/lib64/ld-linux-x86-64.so.2] ==> ignore
    arg [-o] ==> ignore
    arg [cmTryCompileExec3270576873] ==> ignore
    arg [/usr/lib/gcc/x86_64-redhat-linux/4.8.5/../../../../lib64/crt1.o] ==> ignore
    arg [/usr/lib/gcc/x86_64-redhat-linux/4.8.5/../../../../lib64/crti.o] ==> ignore
    arg [/usr/lib/gcc/x86_64-redhat-linux/4.8.5/crtbegin.o] ==> ignore
    arg [-L/usr/lib/gcc/x86_64-redhat-linux/4.8.5] ==> dir [/usr/lib/gcc/x86_64-redhat-linux/4.8.5]
    arg [-L/usr/lib/gcc/x86_64-redhat-linux/4.8.5/../../../../lib64] ==> dir [/usr/lib/gcc/x86_64-redhat-linux/4.8.5/../../../../lib64]
    arg [-L/lib/../lib64] ==> dir [/lib/../lib64]
    arg [-L/usr/lib/../lib64] ==> dir [/usr/lib/../lib64]
    arg [-L/usr/lib/gcc/x86_64-redhat-linux/4.8.5/../../..] ==> dir [/usr/lib/gcc/x86_64-redhat-linux/4.8.5/../../..]
    arg [CMakeFiles/cmTryCompileExec3270576873.dir/CMakeCCompilerABI.c.o] ==> ignore
    arg [-lgcc] ==> lib [gcc]
    arg [--as-needed] ==> ignore
    arg [-lgcc_s] ==> lib [gcc_s]
    arg [--no-as-needed] ==> ignore
    arg [-lc] ==> lib [c]
    arg [-lgcc] ==> lib [gcc]
    arg [--as-needed] ==> ignore
    arg [-lgcc_s] ==> lib [gcc_s]
    arg [--no-as-needed] ==> ignore
    arg [/usr/lib/gcc/x86_64-redhat-linux/4.8.5/crtend.o] ==> ignore
    arg [/usr/lib/gcc/x86_64-redhat-linux/4.8.5/../../../../lib64/crtn.o] ==> ignore
  remove lib [gcc]
  remove lib [gcc_s]
  remove lib [gcc]
  remove lib [gcc_s]
  collapse library dir [/usr/lib/gcc/x86_64-redhat-linux/4.8.5] ==> [/usr/lib/gcc/x86_64-redhat-linux/4.8.5]
  collapse library dir [/usr/lib/gcc/x86_64-redhat-linux/4.8.5/../../../../lib64] ==> [/usr/lib64]
  collapse library dir [/lib/../lib64] ==> [/lib64]
  collapse library dir [/usr/lib/../lib64] ==> [/usr/lib64]
  collapse library dir [/usr/lib/gcc/x86_64-redhat-linux/4.8.5/../../..] ==> [/usr/lib]
  implicit libs: [c]
  implicit dirs: [/usr/lib/gcc/x86_64-redhat-linux/4.8.5;/usr/lib64;/lib64;/usr/lib]
  implicit fwks: []


Determining if files pthread.h exist passed with the following output:
Change Dir: /home/bepartofyou/work/av/ffmpeg/mlt/melt/20171222/bin/glfw/build/CMakeFiles/CMakeTmp

Run Build Command:/usr/bin/gmake "cmTryCompileExec329772389/fast"
/usr/bin/gmake -f CMakeFiles/cmTryCompileExec329772389.dir/build.make CMakeFiles/cmTryCompileExec329772389.dir/build
gmake[1]: Entering directory `/home/bepartofyou/work/av/ffmpeg/mlt/melt/20171222/bin/glfw/build/CMakeFiles/CMakeTmp'
/usr/bin/cmake -E cmake_progress_report /home/bepartofyou/work/av/ffmpeg/mlt/melt/20171222/bin/glfw/build/CMakeFiles/CMakeTmp/CMakeFiles 1
Building C object CMakeFiles/cmTryCompileExec329772389.dir/CheckIncludeFiles.c.o
/usr/bin/cc    -o CMakeFiles/cmTryCompileExec329772389.dir/CheckIncludeFiles.c.o   -c /home/bepartofyou/work/av/ffmpeg/mlt/melt/20171222/bin/glfw/build/CMakeFiles/CMakeTmp/CheckIncludeFiles.c
Linking C executable cmTryCompileExec329772389
/usr/bin/cmake -E cmake_link_script CMakeFiles/cmTryCompileExec329772389.dir/link.txt --verbose=1
/usr/bin/cc       CMakeFiles/cmTryCompileExec329772389.dir/CheckIncludeFiles.c.o  -o cmTryCompileExec329772389 -rdynamic 
gmake[1]: Leaving directory `/home/bepartofyou/work/av/ffmpeg/mlt/melt/20171222/bin/glfw/build/CMakeFiles/CMakeTmp'


Determining if the function pthread_create exists in the pthread passed with the following output:
Change Dir: /home/bepartofyou/work/av/ffmpeg/mlt/melt/20171222/bin/glfw/build/CMakeFiles/CMakeTmp

Run Build Command:/usr/bin/gmake "cmTryCompileExec3436552541/fast"
/usr/bin/gmake -f CMakeFiles/cmTryCompileExec3436552541.dir/build.make CMakeFiles/cmTryCompileExec3436552541.dir/build
gmake[1]: Entering directory `/home/bepartofyou/work/av/ffmpeg/mlt/melt/20171222/bin/glfw/build/CMakeFiles/CMakeTmp'
/usr/bin/cmake -E cmake_progress_report /home/bepartofyou/work/av/ffmpeg/mlt/melt/20171222/bin/glfw/build/CMakeFiles/CMakeTmp/CMakeFiles 1
Building C object CMakeFiles/cmTryCompileExec3436552541.dir/CheckFunctionExists.c.o
/usr/bin/cc   -DCHECK_FUNCTION_EXISTS=pthread_create   -o CMakeFiles/cmTryCompileExec3436552541.dir/CheckFunctionExists.c.o   -c /usr/share/cmake/Modules/CheckFunctionExists.c
Linking C executable cmTryCompileExec3436552541
/usr/bin/cmake -E cmake_link_script CMakeFiles/cmTryCompileExec3436552541.dir/link.txt --verbose=1
/usr/bin/cc   -DCHECK_FUNCTION_EXISTS=pthread_create    CMakeFiles/cmTryCompileExec3436552541.dir/CheckFunctionExists.c.o  -o cmTryCompileExec3436552541 -rdynamic -lpthread 
gmake[1]: Leaving directory `/home/bepartofyou/work/av/ffmpeg/mlt/melt/20171222/bin/glfw/build/CMakeFiles/CMakeTmp'


Determining if the function XOpenDisplay exists in the /usr/lib64/libX11.so;/usr/lib64/libXext.so passed with the following output:
Change Dir: /home/bepartofyou/work/av/ffmpeg/mlt/melt/20171222/bin/glfw/build/CMakeFiles/CMakeTmp

Run Build Command:/usr/bin/gmake "cmTryCompileExec86108868/fast"
/usr/bin/gmake -f CMakeFiles/cmTryCompileExec86108868.dir/build.make CMakeFiles/cmTryCompileExec86108868.dir/build
gmake[1]: Entering directory `/home/bepartofyou/work/av/ffmpeg/mlt/melt/20171222/bin/glfw/build/CMakeFiles/CMakeTmp'
/usr/bin/cmake -E cmake_progress_report /home/bepartofyou/work/av/ffmpeg/mlt/melt/20171222/bin/glfw/build/CMakeFiles/CMakeTmp/CMakeFiles 1
Building C object CMakeFiles/cmTryCompileExec86108868.dir/CheckFunctionExists.c.o
/usr/bin/cc   -DCHECK_FUNCTION_EXISTS=XOpenDisplay   -o CMakeFiles/cmTryCompileExec86108868.dir/CheckFunctionExists.c.o   -c /usr/share/cmake/Modules/CheckFunctionExists.c
Linking C executable cmTryCompileExec86108868
/usr/bin/cmake -E cmake_link_script CMakeFiles/cmTryCompileExec86108868.dir/link.txt --verbose=1
/usr/bin/cc   -DCHECK_FUNCTION_EXISTS=XOpenDisplay    CMakeFiles/cmTryCompileExec86108868.dir/CheckFunctionExists.c.o  -o cmTryCompileExec86108868 -rdynamic -lX11 -lXext 
gmake[1]: Leaving directory `/home/bepartofyou/work/av/ffmpeg/mlt/melt/20171222/bin/glfw/build/CMakeFiles/CMakeTmp'


Determining if the function gethostbyname exists passed with the following output:
Change Dir: /home/bepartofyou/work/av/ffmpeg/mlt/melt/20171222/bin/glfw/build/CMakeFiles/CMakeTmp

Run Build Command:/usr/bin/gmake "cmTryCompileExec4213180598/fast"
/usr/bin/gmake -f CMakeFiles/cmTryCompileExec4213180598.dir/build.make CMakeFiles/cmTryCompileExec4213180598.dir/build
gmake[1]: Entering directory `/home/bepartofyou/work/av/ffmpeg/mlt/melt/20171222/bin/glfw/build/CMakeFiles/CMakeTmp'
/usr/bin/cmake -E cmake_progress_report /home/bepartofyou/work/av/ffmpeg/mlt/melt/20171222/bin/glfw/build/CMakeFiles/CMakeTmp/CMakeFiles 1
Building C object CMakeFiles/cmTryCompileExec4213180598.dir/CheckFunctionExists.c.o
/usr/bin/cc   -DCHECK_FUNCTION_EXISTS=gethostbyname   -o CMakeFiles/cmTryCompileExec4213180598.dir/CheckFunctionExists.c.o   -c /usr/share/cmake/Modules/CheckFunctionExists.c
Linking C executable cmTryCompileExec4213180598
/usr/bin/cmake -E cmake_link_script CMakeFiles/cmTryCompileExec4213180598.dir/link.txt --verbose=1
/usr/bin/cc   -DCHECK_FUNCTION_EXISTS=gethostbyname    CMakeFiles/cmTryCompileExec4213180598.dir/CheckFunctionExists.c.o  -o cmTryCompileExec4213180598 -rdynamic 
gmake[1]: Leaving directory `/home/bepartofyou/work/av/ffmpeg/mlt/melt/20171222/bin/glfw/build/CMakeFiles/CMakeTmp'


Determining if the function connect exists passed with the following output:
Change Dir: /home/bepartofyou/work/av/ffmpeg/mlt/melt/20171222/bin/glfw/build/CMakeFiles/CMakeTmp

Run Build Command:/usr/bin/gmake "cmTryCompileExec181082962/fast"
/usr/bin/gmake -f CMakeFiles/cmTryCompileExec181082962.dir/build.make CMakeFiles/cmTryCompileExec181082962.dir/build
gmake[1]: Entering directory `/home/bepartofyou/work/av/ffmpeg/mlt/melt/20171222/bin/glfw/build/CMakeFiles/CMakeTmp'
/usr/bin/cmake -E cmake_progress_report /home/bepartofyou/work/av/ffmpeg/mlt/melt/20171222/bin/glfw/build/CMakeFiles/CMakeTmp/CMakeFiles 1
Building C object CMakeFiles/cmTryCompileExec181082962.dir/CheckFunctionExists.c.o
/usr/bin/cc   -DCHECK_FUNCTION_EXISTS=connect   -o CMakeFiles/cmTryCompileExec181082962.dir/CheckFunctionExists.c.o   -c /usr/share/cmake/Modules/CheckFunctionExists.c
Linking C executable cmTryCompileExec181082962
/usr/bin/cmake -E cmake_link_script CMakeFiles/cmTryCompileExec181082962.dir/link.txt --verbose=1
/usr/bin/cc   -DCHECK_FUNCTION_EXISTS=connect    CMakeFiles/cmTryCompileExec181082962.dir/CheckFunctionExists.c.o  -o cmTryCompileExec181082962 -rdynamic 
gmake[1]: Leaving directory `/home/bepartofyou/work/av/ffmpeg/mlt/melt/20171222/bin/glfw/build/CMakeFiles/CMakeTmp'


Determining if the function remove exists passed with the following output:
Change Dir: /home/bepartofyou/work/av/ffmpeg/mlt/melt/20171222/bin/glfw/build/CMakeFiles/CMakeTmp

Run Build Command:/usr/bin/gmake "cmTryCompileExec3130914961/fast"
/usr/bin/gmake -f CMakeFiles/cmTryCompileExec3130914961.dir/build.make CMakeFiles/cmTryCompileExec3130914961.dir/build
gmake[1]: Entering directory `/home/bepartofyou/work/av/ffmpeg/mlt/melt/20171222/bin/glfw/build/CMakeFiles/CMakeTmp'
/usr/bin/cmake -E cmake_progress_report /home/bepartofyou/work/av/ffmpeg/mlt/melt/20171222/bin/glfw/build/CMakeFiles/CMakeTmp/CMakeFiles 1
Building C object CMakeFiles/cmTryCompileExec3130914961.dir/CheckFunctionExists.c.o
/usr/bin/cc   -DCHECK_FUNCTION_EXISTS=remove   -o CMakeFiles/cmTryCompileExec3130914961.dir/CheckFunctionExists.c.o   -c /usr/share/cmake/Modules/CheckFunctionExists.c
Linking C executable cmTryCompileExec3130914961
/usr/bin/cmake -E cmake_link_script CMakeFiles/cmTryCompileExec3130914961.dir/link.txt --verbose=1
/usr/bin/cc   -DCHECK_FUNCTION_EXISTS=remove    CMakeFiles/cmTryCompileExec3130914961.dir/CheckFunctionExists.c.o  -o cmTryCompileExec3130914961 -rdynamic 
gmake[1]: Leaving directory `/home/bepartofyou/work/av/ffmpeg/mlt/melt/20171222/bin/glfw/build/CMakeFiles/CMakeTmp'


Determining if the function shmat exists passed with the following output:
Change Dir: /home/bepartofyou/work/av/ffmpeg/mlt/melt/20171222/bin/glfw/build/CMakeFiles/CMakeTmp

Run Build Command:/usr/bin/gmake "cmTryCompileExec706678450/fast"
/usr/bin/gmake -f CMakeFiles/cmTryCompileExec706678450.dir/build.make CMakeFiles/cmTryCompileExec706678450.dir/build
gmake[1]: Entering directory `/home/bepartofyou/work/av/ffmpeg/mlt/melt/20171222/bin/glfw/build/CMakeFiles/CMakeTmp'
/usr/bin/cmake -E cmake_progress_report /home/bepartofyou/work/av/ffmpeg/mlt/melt/20171222/bin/glfw/build/CMakeFiles/CMakeTmp/CMakeFiles 1
Building C object CMakeFiles/cmTryCompileExec706678450.dir/CheckFunctionExists.c.o
/usr/bin/cc   -DCHECK_FUNCTION_EXISTS=shmat   -o CMakeFiles/cmTryCompileExec706678450.dir/CheckFunctionExists.c.o   -c /usr/share/cmake/Modules/CheckFunctionExists.c
Linking C executable cmTryCompileExec706678450
/usr/bin/cmake -E cmake_link_script CMakeFiles/cmTryCompileExec706678450.dir/link.txt --verbose=1
/usr/bin/cc   -DCHECK_FUNCTION_EXISTS=shmat    CMakeFiles/cmTryCompileExec706678450.dir/CheckFunctionExists.c.o  -o cmTryCompileExec706678450 -rdynamic 
gmake[1]: Leaving directory `/home/bepartofyou/work/av/ffmpeg/mlt/melt/20171222/bin/glfw/build/CMakeFiles/CMakeTmp'


Determining if the function IceConnectionNumber exists in the ICE passed with the following output:
Change Dir: /home/bepartofyou/work/av/ffmpeg/mlt/melt/20171222/bin/glfw/build/CMakeFiles/CMakeTmp

Run Build Command:/usr/bin/gmake "cmTryCompileExec1821879304/fast"
/usr/bin/gmake -f CMakeFiles/cmTryCompileExec1821879304.dir/build.make CMakeFiles/cmTryCompileExec1821879304.dir/build
gmake[1]: Entering directory `/home/bepartofyou/work/av/ffmpeg/mlt/melt/20171222/bin/glfw/build/CMakeFiles/CMakeTmp'
/usr/bin/cmake -E cmake_progress_report /home/bepartofyou/work/av/ffmpeg/mlt/melt/20171222/bin/glfw/build/CMakeFiles/CMakeTmp/CMakeFiles 1
Building C object CMakeFiles/cmTryCompileExec1821879304.dir/CheckFunctionExists.c.o
/usr/bin/cc   -DCHECK_FUNCTION_EXISTS=IceConnectionNumber   -o CMakeFiles/cmTryCompileExec1821879304.dir/CheckFunctionExists.c.o   -c /usr/share/cmake/Modules/CheckFunctionExists.c
Linking C executable cmTryCompileExec1821879304
/usr/bin/cmake -E cmake_link_script CMakeFiles/cmTryCompileExec1821879304.dir/link.txt --verbose=1
/usr/bin/cc   -DCHECK_FUNCTION_EXISTS=IceConnectionNumber    CMakeFiles/cmTryCompileExec1821879304.dir/CheckFunctionExists.c.o  -o cmTryCompileExec1821879304 -rdynamic -lICE 
gmake[1]: Leaving directory `/home/bepartofyou/work/av/ffmpeg/mlt/melt/20171222/bin/glfw/build/CMakeFiles/CMakeTmp'


